<?xml version="1.0" encoding="UTF-8"?>
<!-- Generated by org.testng.reporters.JUnitXMLReporter -->
<testsuite hostname="DESKTOP-5DIGRH6" name="Test" tests="3" failures="0" timestamp="26 Jan 2019 03:30:55 GMT" time="0.021" errors="0">
  <testcase name="Bizpay" time="0.008" classname="SMB.MNT.BizPayTest"/>
  <testcase name="OBBLogin" time="0.001" classname="SMB.MNT.OBBLoginTest"/>
  <testcase name="VendorePayment" time="0.001" classname="SMB.MNT.VendorPaymentTest"/>
</testsuite> <!-- Test -->
