<?xml version="1.0" encoding="UTF-8"?>
<testng-results skipped="0" failed="0" total="3" passed="3">
  <reporter-output>
  </reporter-output>
  <suite name="Suite" duration-ms="21" started-at="2019-01-26T03:30:55Z" finished-at="2019-01-26T03:30:55Z">
    <groups>
    </groups>
    <test name="Test" duration-ms="21" started-at="2019-01-26T03:30:55Z" finished-at="2019-01-26T03:30:55Z">
      <class name="SMB.MNT.BizPayTest">
        <test-method status="PASS" signature="Bizpay()[pri:0, instance:SMB.MNT.BizPayTest@17550481]" name="Bizpay" duration-ms="8" started-at="2019-01-25T22:30:55Z" finished-at="2019-01-25T22:30:55Z">
          <reporter-output>
          </reporter-output>
        </test-method> <!-- Bizpay -->
      </class> <!-- SMB.MNT.BizPayTest -->
      <class name="SMB.MNT.VendorPaymentTest">
        <test-method status="PASS" signature="VendorePayment()[pri:0, instance:SMB.MNT.VendorPaymentTest@2c6a3f77]" name="VendorePayment" duration-ms="1" started-at="2019-01-25T22:30:55Z" finished-at="2019-01-25T22:30:55Z">
          <reporter-output>
          </reporter-output>
        </test-method> <!-- VendorePayment -->
      </class> <!-- SMB.MNT.VendorPaymentTest -->
      <class name="SMB.MNT.OBBLoginTest">
        <test-method status="PASS" signature="OBBLogin()[pri:0, instance:SMB.MNT.OBBLoginTest@1324409e]" name="OBBLogin" duration-ms="1" started-at="2019-01-25T22:30:55Z" finished-at="2019-01-25T22:30:55Z">
          <reporter-output>
          </reporter-output>
        </test-method> <!-- OBBLogin -->
      </class> <!-- SMB.MNT.OBBLoginTest -->
    </test> <!-- Test -->
  </suite> <!-- Suite -->
</testng-results>
