<?xml version="1.0" encoding="UTF-8"?>
<testng-results skipped="0" failed="0" ignored="0" total="1" passed="1">
  <reporter-output>
  </reporter-output>
  <suite name="Suite" duration-ms="30" started-at="2019-01-26T04:16:58Z" finished-at="2019-01-26T04:16:58Z">
    <groups>
    </groups>
    <test name="Test" duration-ms="30" started-at="2019-01-26T04:16:58Z" finished-at="2019-01-26T04:16:58Z">
      <class name="SMB.MNT.VendorPaymentTest">
        <test-method status="PASS" signature="VendorePayment()[pri:0, instance:SMB.MNT.VendorPaymentTest@4e04a765]" name="VendorePayment" duration-ms="5" started-at="2019-01-26T04:16:58Z" finished-at="2019-01-26T04:16:58Z">
          <reporter-output>
          </reporter-output>
        </test-method> <!-- VendorePayment -->
      </class> <!-- SMB.MNT.VendorPaymentTest -->
    </test> <!-- Test -->
  </suite> <!-- Suite -->
</testng-results>
