<?xml version="1.0" encoding="UTF-8"?>
<testsuite xmlns:xsi="http://www.w3.org/2001/XMLSchema-instance" xsi:noNamespaceSchemaLocation="https://maven.apache.org/surefire/maven-surefire-plugin/xsd/surefire-test-report-3.0.xsd" version="3.0" name="TestSuite" time="0.478" tests="3" errors="0" skipped="0" failures="0">
  <properties>
[...]
</properties>
  <testcase name="Bizpay" classname="SMB.MNT.BizPayTest" time="0.01"/>
  <testcase name="OBBLogin" classname="SMB.MNT.OBBLoginTest" time="0"/>
  <testcase name="VendorePayment" classname="SMB.MNT.VendorPaymentTest" time="0"/>
</testsuite>